<?xml version="1.0" encoding="UTF-8"?>
<testng-results ignored="0" total="1" passed="1" failed="0" skipped="0">
  <reporter-output>
  </reporter-output>
  <suite started-at="2024-02-23T00:45:05 AEDT" name="Default suite" finished-at="2024-02-23T00:45:13 AEDT" duration-ms="8024">
    <groups>
    </groups>
    <test started-at="2024-02-23T00:45:05 AEDT" name="Default test" finished-at="2024-02-23T00:45:13 AEDT" duration-ms="8024">
      <class name="Tests.CreateNewDesignSearchTest">
        <test-method is-config="true" signature="setUpTest()[pri:0, instance:Tests.CreateNewDesignSearchTest@13f17eb4]" started-at="2024-02-23T00:45:05 AEDT" name="setUpTest" finished-at="2024-02-23T00:45:06 AEDT" duration-ms="528" status="PASS">
          <reporter-output>
          </reporter-output>
        </test-method> <!-- setUpTest -->
        <test-method signature="SearchTest()[pri:0, instance:Tests.CreateNewDesignSearchTest@13f17eb4]" started-at="2024-02-23T00:45:06 AEDT" name="SearchTest" finished-at="2024-02-23T00:45:13 AEDT" duration-ms="7196" status="PASS">
          <reporter-output>
          </reporter-output>
        </test-method> <!-- SearchTest -->
        <test-method is-config="true" signature="tearDownTest()[pri:0, instance:Tests.CreateNewDesignSearchTest@13f17eb4]" started-at="2024-02-23T00:45:13 AEDT" name="tearDownTest" finished-at="2024-02-23T00:45:13 AEDT" duration-ms="224" status="PASS">
          <reporter-output>
          </reporter-output>
        </test-method> <!-- tearDownTest -->
      </class> <!-- Tests.CreateNewDesignSearchTest -->
    </test> <!-- Default test -->
  </suite> <!-- Default suite -->
</testng-results>
